app/build/intermediates/manifest_merge_blame_file/debug/manifest-merger-blame-debug-report.txt
1<?xml version="1.0" encoding="utf-8"?>
2<manifest xmlns:android="http://schemas.android.com/apk/res/android"
3    package="io.getstream.butterflydemo"
4    android:versionCode="1"
5    android:versionName="1.0.0" >
6
7    <uses-sdk
8        android:minSdkVersion="21"
8-->src/main/AndroidManifest.xml
9        android:targetSdkVersion="31" />
9-->src/main/AndroidManifest.xml
10
11    <uses-permission android:name="android.permission.INTERNET" />
11-->[io.getstream:stream-chat-android-compose:4.27.0-beta] AndroidManifest.xml:9:5-67
11-->[io.getstream:stream-chat-android-compose:4.27.0-beta] AndroidManifest.xml:9:22-64
12    <uses-permission android:name="android.permission.READ_EXTERNAL_STORAGE" />
12-->[io.getstream:stream-chat-android-compose:4.27.0-beta] AndroidManifest.xml:10:5-80
12-->[io.getstream:stream-chat-android-compose:4.27.0-beta] AndroidManifest.xml:10:22-77
13
14    <queries>
14-->[io.getstream:stream-chat-android-ui-common:4.27.0] AndroidManifest.xml:10:5-17:15
15        <intent>
15-->[io.getstream:stream-chat-android-ui-common:4.27.0] AndroidManifest.xml:11:9-13:18
16            <action android:name="android.media.action.VIDEO_CAPTURE" />
16-->[io.getstream:stream-chat-android-ui-common:4.27.0] AndroidManifest.xml:12:13-73
16-->[io.getstream:stream-chat-android-ui-common:4.27.0] AndroidManifest.xml:12:21-70
17        </intent>
18        <intent>
18-->[io.getstream:stream-chat-android-ui-common:4.27.0] AndroidManifest.xml:14:9-16:18
19            <action android:name="android.media.action.IMAGE_CAPTURE" />
19-->[io.getstream:stream-chat-android-ui-common:4.27.0] AndroidManifest.xml:15:13-73
19-->[io.getstream:stream-chat-android-ui-common:4.27.0] AndroidManifest.xml:15:21-70
20        </intent>
21        <intent>
21-->[androidx.media:media:1.3.0] AndroidManifest.xml:25:9-27:18
22            <action android:name="android.media.browse.MediaBrowserService" />
22-->[androidx.media:media:1.3.0] AndroidManifest.xml:26:13-79
22-->[androidx.media:media:1.3.0] AndroidManifest.xml:26:21-76
23        </intent>
24    </queries>
25
26    <uses-permission android:name="android.permission.ACCESS_NETWORK_STATE" />
26-->[io.getstream:stream-chat-android-client:4.27.0] AndroidManifest.xml:9:5-79
26-->[io.getstream:stream-chat-android-client:4.27.0] AndroidManifest.xml:9:22-76
27    <uses-permission android:name="android.permission.WAKE_LOCK" />
27-->[androidx.work:work-runtime:2.7.1] AndroidManifest.xml:25:5-68
27-->[androidx.work:work-runtime:2.7.1] AndroidManifest.xml:25:22-65
28    <uses-permission android:name="android.permission.RECEIVE_BOOT_COMPLETED" />
28-->[androidx.work:work-runtime:2.7.1] AndroidManifest.xml:27:5-81
28-->[androidx.work:work-runtime:2.7.1] AndroidManifest.xml:27:22-78
29    <uses-permission android:name="android.permission.FOREGROUND_SERVICE" />
29-->[androidx.work:work-runtime:2.7.1] AndroidManifest.xml:28:5-77
29-->[androidx.work:work-runtime:2.7.1] AndroidManifest.xml:28:22-74
30
31    <application
31-->src/main/AndroidManifest.xml:5:5-26:19
32        android:name="io.getstream.butterflydemo.ChatComposeApp"
32-->src/main/AndroidManifest.xml:6:9-39
33        android:allowBackup="true"
33-->src/main/AndroidManifest.xml:7:9-35
34        android:appComponentFactory="androidx.core.app.CoreComponentFactory"
34-->[androidx.core:core:1.7.0] AndroidManifest.xml:24:18-86
35        android:debuggable="true"
36        android:icon="@mipmap/ic_launcher"
36-->src/main/AndroidManifest.xml:8:9-43
37        android:label="@string/app_name"
37-->src/main/AndroidManifest.xml:9:9-41
38        android:roundIcon="@mipmap/ic_launcher_round"
38-->src/main/AndroidManifest.xml:10:9-54
39        android:supportsRtl="true"
39-->src/main/AndroidManifest.xml:11:9-35
40        android:testOnly="true"
41        android:theme="@style/Theme.Butterfly" >
41-->src/main/AndroidManifest.xml:12:9-47
42        <activity
42-->src/main/AndroidManifest.xml:13:9-21:20
43            android:name="io.getstream.butterflydemo.ui.main.MainActivity"
43-->src/main/AndroidManifest.xml:14:13-49
44            android:exported="true" >
44-->src/main/AndroidManifest.xml:15:13-36
45            <intent-filter>
45-->src/main/AndroidManifest.xml:16:13-20:29
46                <action android:name="android.intent.action.MAIN" />
46-->src/main/AndroidManifest.xml:17:17-69
46-->src/main/AndroidManifest.xml:17:25-66
47
48                <category android:name="android.intent.category.LAUNCHER" />
48-->src/main/AndroidManifest.xml:19:17-77
48-->src/main/AndroidManifest.xml:19:27-74
49            </intent-filter>
50        </activity>
51        <activity android:name="io.getstream.butterflydemo.ui.main.MainActivity2" />
51-->src/main/AndroidManifest.xml:23:9-59
51-->src/main/AndroidManifest.xml:23:19-56
52        <activity android:name="io.getstream.butterflydemo.ui.message.MessagesActivity" />
52-->src/main/AndroidManifest.xml:25:9-65
52-->src/main/AndroidManifest.xml:25:19-62
53        <activity
53-->[io.getstream:stream-chat-android-compose:4.27.0-beta] AndroidManifest.xml:13:9-15:40
54            android:name="io.getstream.chat.android.compose.ui.imagepreview.ImagePreviewActivity"
54-->[io.getstream:stream-chat-android-compose:4.27.0-beta] AndroidManifest.xml:14:13-98
55            android:exported="false" />
55-->[io.getstream:stream-chat-android-compose:4.27.0-beta] AndroidManifest.xml:15:13-37
56        <activity
56-->[io.getstream:stream-chat-android-compose:4.27.0-beta] AndroidManifest.xml:16:9-18:40
57            android:name="io.getstream.chat.android.compose.ui.mediapreview.MediaPreviewActivity"
57-->[io.getstream:stream-chat-android-compose:4.27.0-beta] AndroidManifest.xml:17:13-98
58            android:exported="false" />
58-->[io.getstream:stream-chat-android-compose:4.27.0-beta] AndroidManifest.xml:18:13-37
59        <activity
59-->[io.getstream:stream-chat-android-ui-common:4.27.0] AndroidManifest.xml:20:9-23:75
60            android:name="com.getstream.sdk.chat.view.activity.AttachmentDocumentActivity"
60-->[io.getstream:stream-chat-android-ui-common:4.27.0] AndroidManifest.xml:21:13-91
61            android:exported="false"
61-->[io.getstream:stream-chat-android-ui-common:4.27.0] AndroidManifest.xml:22:13-37
62            android:theme="@style/Theme.AppCompat.DayNight.NoActionBar" />
62-->[io.getstream:stream-chat-android-ui-common:4.27.0] AndroidManifest.xml:23:13-72
63
64        <provider
64-->[io.getstream:stream-chat-android-ui-common:4.27.0] AndroidManifest.xml:25:9-33:20
65            android:name="com.getstream.sdk.chat.StreamFileProvider"
65-->[io.getstream:stream-chat-android-ui-common:4.27.0] AndroidManifest.xml:26:13-69
66            android:authorities="io.getstream.butterflydemo.streamfileprovider"
66-->[io.getstream:stream-chat-android-ui-common:4.27.0] AndroidManifest.xml:27:13-70
67            android:exported="false"
67-->[io.getstream:stream-chat-android-ui-common:4.27.0] AndroidManifest.xml:28:13-37
68            android:grantUriPermissions="true" >
68-->[io.getstream:stream-chat-android-ui-common:4.27.0] AndroidManifest.xml:29:13-47
69            <meta-data
69-->[io.getstream:stream-chat-android-ui-common:4.27.0] AndroidManifest.xml:30:13-32:60
70                android:name="android.support.FILE_PROVIDER_PATHS"
70-->[io.getstream:stream-chat-android-ui-common:4.27.0] AndroidManifest.xml:31:17-67
71                android:resource="@xml/stream_filepaths" />
71-->[io.getstream:stream-chat-android-ui-common:4.27.0] AndroidManifest.xml:32:17-57
72        </provider>
73        <provider
73-->[io.getstream:stream-chat-android-ui-common:4.27.0] AndroidManifest.xml:34:9-42:20
74            android:name="androidx.startup.InitializationProvider"
74-->[io.getstream:stream-chat-android-ui-common:4.27.0] AndroidManifest.xml:35:13-67
75            android:authorities="io.getstream.butterflydemo.androidx-startup"
75-->[io.getstream:stream-chat-android-ui-common:4.27.0] AndroidManifest.xml:36:13-68
76            android:exported="false" >
76-->[io.getstream:stream-chat-android-ui-common:4.27.0] AndroidManifest.xml:37:13-37
77            <meta-data
77-->[io.getstream:stream-chat-android-ui-common:4.27.0] AndroidManifest.xml:39:13-41:52
78                android:name="com.getstream.sdk.chat.startup.ThreeTenInitializer"
78-->[io.getstream:stream-chat-android-ui-common:4.27.0] AndroidManifest.xml:40:17-82
79                android:value="androidx.startup" />
79-->[io.getstream:stream-chat-android-ui-common:4.27.0] AndroidManifest.xml:41:17-49
80            <meta-data
80-->[androidx.emoji2:emoji2:1.0.0] AndroidManifest.xml:31:13-33:52
81                android:name="androidx.emoji2.text.EmojiCompatInitializer"
81-->[androidx.emoji2:emoji2:1.0.0] AndroidManifest.xml:32:17-75
82                android:value="androidx.startup" />
82-->[androidx.emoji2:emoji2:1.0.0] AndroidManifest.xml:33:17-49
83            <meta-data
83-->[androidx.work:work-runtime:2.7.1] AndroidManifest.xml:36:13-38:52
84                android:name="androidx.work.WorkManagerInitializer"
84-->[androidx.work:work-runtime:2.7.1] AndroidManifest.xml:37:17-68
85                android:value="androidx.startup" />
85-->[androidx.work:work-runtime:2.7.1] AndroidManifest.xml:38:17-49
86            <meta-data
86-->[androidx.lifecycle:lifecycle-process:2.4.0] AndroidManifest.xml:31:13-33:52
87                android:name="androidx.lifecycle.ProcessLifecycleInitializer"
87-->[androidx.lifecycle:lifecycle-process:2.4.0] AndroidManifest.xml:32:17-78
88                android:value="androidx.startup" />
88-->[androidx.lifecycle:lifecycle-process:2.4.0] AndroidManifest.xml:33:17-49
89            <meta-data
89-->[androidx.profileinstaller:profileinstaller:1.1.0-beta01] AndroidManifest.xml:31:13-33:52
90                android:name="androidx.profileinstaller.ProfileInstallerInitializer"
90-->[androidx.profileinstaller:profileinstaller:1.1.0-beta01] AndroidManifest.xml:32:17-85
91                android:value="androidx.startup" />
91-->[androidx.profileinstaller:profileinstaller:1.1.0-beta01] AndroidManifest.xml:33:17-49
92        </provider>
93
94        <activity
94-->[androidx.compose.ui:ui-tooling:1.0.5] AndroidManifest.xml:25:9-27:39
95            android:name="androidx.compose.ui.tooling.PreviewActivity"
95-->[androidx.compose.ui:ui-tooling:1.0.5] AndroidManifest.xml:26:13-71
96            android:exported="true" />
96-->[androidx.compose.ui:ui-tooling:1.0.5] AndroidManifest.xml:27:13-36
97
98        <uses-library
98-->[androidx.window:window:1.0.0] AndroidManifest.xml:25:9-27:40
99            android:name="androidx.window.extensions"
99-->[androidx.window:window:1.0.0] AndroidManifest.xml:26:13-54
100            android:required="false" />
100-->[androidx.window:window:1.0.0] AndroidManifest.xml:27:13-37
101        <uses-library
101-->[androidx.window:window:1.0.0] AndroidManifest.xml:28:9-30:40
102            android:name="androidx.window.sidecar"
102-->[androidx.window:window:1.0.0] AndroidManifest.xml:29:13-51
103            android:required="false" />
103-->[androidx.window:window:1.0.0] AndroidManifest.xml:30:13-37
104
105        <receiver
105-->[io.getstream:stream-chat-android-client:4.27.0] AndroidManifest.xml:13:9-21:20
106            android:name="io.getstream.chat.android.client.receivers.NotificationMessageReceiver"
106-->[io.getstream:stream-chat-android-client:4.27.0] AndroidManifest.xml:14:13-98
107            android:enabled="true"
107-->[io.getstream:stream-chat-android-client:4.27.0] AndroidManifest.xml:15:13-35
108            android:exported="false" >
108-->[io.getstream:stream-chat-android-client:4.27.0] AndroidManifest.xml:16:13-37
109            <intent-filter>
109-->[io.getstream:stream-chat-android-client:4.27.0] AndroidManifest.xml:17:13-20:29
110                <action android:name="com.getstream.sdk.chat.READ" />
110-->[io.getstream:stream-chat-android-client:4.27.0] AndroidManifest.xml:18:17-70
110-->[io.getstream:stream-chat-android-client:4.27.0] AndroidManifest.xml:18:25-67
111                <action android:name="com.getstream.sdk.chat.REPLY" />
111-->[io.getstream:stream-chat-android-client:4.27.0] AndroidManifest.xml:19:17-71
111-->[io.getstream:stream-chat-android-client:4.27.0] AndroidManifest.xml:19:25-68
112            </intent-filter>
113        </receiver>
114
115        <activity
115-->[com.karumi:dexter:6.2.3] AndroidManifest.xml:27:9-29:72
116            android:name="com.karumi.dexter.DexterActivity"
116-->[com.karumi:dexter:6.2.3] AndroidManifest.xml:28:13-60
117            android:theme="@style/Dexter.Internal.Theme.Transparent" />
117-->[com.karumi:dexter:6.2.3] AndroidManifest.xml:29:13-69
118
119        <service
119-->[androidx.work:work-runtime:2.7.1] AndroidManifest.xml:41:9-46:35
120            android:name="androidx.work.impl.background.systemalarm.SystemAlarmService"
120-->[androidx.work:work-runtime:2.7.1] AndroidManifest.xml:42:13-88
121            android:directBootAware="false"
121-->[androidx.work:work-runtime:2.7.1] AndroidManifest.xml:43:13-44
122            android:enabled="@bool/enable_system_alarm_service_default"
122-->[androidx.work:work-runtime:2.7.1] AndroidManifest.xml:44:13-72
123            android:exported="false" />
123-->[androidx.work:work-runtime:2.7.1] AndroidManifest.xml:45:13-37
124        <service
124-->[androidx.work:work-runtime:2.7.1] AndroidManifest.xml:47:9-53:35
125            android:name="androidx.work.impl.background.systemjob.SystemJobService"
125-->[androidx.work:work-runtime:2.7.1] AndroidManifest.xml:48:13-84
126            android:directBootAware="false"
126-->[androidx.work:work-runtime:2.7.1] AndroidManifest.xml:49:13-44
127            android:enabled="@bool/enable_system_job_service_default"
127-->[androidx.work:work-runtime:2.7.1] AndroidManifest.xml:50:13-70
128            android:exported="true"
128-->[androidx.work:work-runtime:2.7.1] AndroidManifest.xml:51:13-36
129            android:permission="android.permission.BIND_JOB_SERVICE" />
129-->[androidx.work:work-runtime:2.7.1] AndroidManifest.xml:52:13-69
130        <service
130-->[androidx.work:work-runtime:2.7.1] AndroidManifest.xml:54:9-59:35
131            android:name="androidx.work.impl.foreground.SystemForegroundService"
131-->[androidx.work:work-runtime:2.7.1] AndroidManifest.xml:55:13-81
132            android:directBootAware="false"
132-->[androidx.work:work-runtime:2.7.1] AndroidManifest.xml:56:13-44
133            android:enabled="@bool/enable_system_foreground_service_default"
133-->[androidx.work:work-runtime:2.7.1] AndroidManifest.xml:57:13-77
134            android:exported="false" />
134-->[androidx.work:work-runtime:2.7.1] AndroidManifest.xml:58:13-37
135
136        <receiver
136-->[androidx.work:work-runtime:2.7.1] AndroidManifest.xml:61:9-66:35
137            android:name="androidx.work.impl.utils.ForceStopRunnable$BroadcastReceiver"
137-->[androidx.work:work-runtime:2.7.1] AndroidManifest.xml:62:13-88
138            android:directBootAware="false"
138-->[androidx.work:work-runtime:2.7.1] AndroidManifest.xml:63:13-44
139            android:enabled="true"
139-->[androidx.work:work-runtime:2.7.1] AndroidManifest.xml:64:13-35
140            android:exported="false" />
140-->[androidx.work:work-runtime:2.7.1] AndroidManifest.xml:65:13-37
141        <receiver
141-->[androidx.work:work-runtime:2.7.1] AndroidManifest.xml:67:9-77:20
142            android:name="androidx.work.impl.background.systemalarm.ConstraintProxy$BatteryChargingProxy"
142-->[androidx.work:work-runtime:2.7.1] AndroidManifest.xml:68:13-106
143            android:directBootAware="false"
143-->[androidx.work:work-runtime:2.7.1] AndroidManifest.xml:69:13-44
144            android:enabled="false"
144-->[androidx.work:work-runtime:2.7.1] AndroidManifest.xml:70:13-36
145            android:exported="false" >
145-->[androidx.work:work-runtime:2.7.1] AndroidManifest.xml:71:13-37
146            <intent-filter>
146-->[androidx.work:work-runtime:2.7.1] AndroidManifest.xml:73:13-76:29
147                <action android:name="android.intent.action.ACTION_POWER_CONNECTED" />
147-->[androidx.work:work-runtime:2.7.1] AndroidManifest.xml:74:17-87
147-->[androidx.work:work-runtime:2.7.1] AndroidManifest.xml:74:25-84
148                <action android:name="android.intent.action.ACTION_POWER_DISCONNECTED" />
148-->[androidx.work:work-runtime:2.7.1] AndroidManifest.xml:75:17-90
148-->[androidx.work:work-runtime:2.7.1] AndroidManifest.xml:75:25-87
149            </intent-filter>
150        </receiver>
151        <receiver
151-->[androidx.work:work-runtime:2.7.1] AndroidManifest.xml:78:9-88:20
152            android:name="androidx.work.impl.background.systemalarm.ConstraintProxy$BatteryNotLowProxy"
152-->[androidx.work:work-runtime:2.7.1] AndroidManifest.xml:79:13-104
153            android:directBootAware="false"
153-->[androidx.work:work-runtime:2.7.1] AndroidManifest.xml:80:13-44
154            android:enabled="false"
154-->[androidx.work:work-runtime:2.7.1] AndroidManifest.xml:81:13-36
155            android:exported="false" >
155-->[androidx.work:work-runtime:2.7.1] AndroidManifest.xml:82:13-37
156            <intent-filter>
156-->[androidx.work:work-runtime:2.7.1] AndroidManifest.xml:84:13-87:29
157                <action android:name="android.intent.action.BATTERY_OKAY" />
157-->[androidx.work:work-runtime:2.7.1] AndroidManifest.xml:85:17-77
157-->[androidx.work:work-runtime:2.7.1] AndroidManifest.xml:85:25-74
158                <action android:name="android.intent.action.BATTERY_LOW" />
158-->[androidx.work:work-runtime:2.7.1] AndroidManifest.xml:86:17-76
158-->[androidx.work:work-runtime:2.7.1] AndroidManifest.xml:86:25-73
159            </intent-filter>
160        </receiver>
161        <receiver
161-->[androidx.work:work-runtime:2.7.1] AndroidManifest.xml:89:9-99:20
162            android:name="androidx.work.impl.background.systemalarm.ConstraintProxy$StorageNotLowProxy"
162-->[androidx.work:work-runtime:2.7.1] AndroidManifest.xml:90:13-104
163            android:directBootAware="false"
163-->[androidx.work:work-runtime:2.7.1] AndroidManifest.xml:91:13-44
164            android:enabled="false"
164-->[androidx.work:work-runtime:2.7.1] AndroidManifest.xml:92:13-36
165            android:exported="false" >
165-->[androidx.work:work-runtime:2.7.1] AndroidManifest.xml:93:13-37
166            <intent-filter>
166-->[androidx.work:work-runtime:2.7.1] AndroidManifest.xml:95:13-98:29
167                <action android:name="android.intent.action.DEVICE_STORAGE_LOW" />
167-->[androidx.work:work-runtime:2.7.1] AndroidManifest.xml:96:17-83
167-->[androidx.work:work-runtime:2.7.1] AndroidManifest.xml:96:25-80
168                <action android:name="android.intent.action.DEVICE_STORAGE_OK" />
168-->[androidx.work:work-runtime:2.7.1] AndroidManifest.xml:97:17-82
168-->[androidx.work:work-runtime:2.7.1] AndroidManifest.xml:97:25-79
169            </intent-filter>
170        </receiver>
171        <receiver
171-->[androidx.work:work-runtime:2.7.1] AndroidManifest.xml:100:9-109:20
172            android:name="androidx.work.impl.background.systemalarm.ConstraintProxy$NetworkStateProxy"
172-->[androidx.work:work-runtime:2.7.1] AndroidManifest.xml:101:13-103
173            android:directBootAware="false"
173-->[androidx.work:work-runtime:2.7.1] AndroidManifest.xml:102:13-44
174            android:enabled="false"
174-->[androidx.work:work-runtime:2.7.1] AndroidManifest.xml:103:13-36
175            android:exported="false" >
175-->[androidx.work:work-runtime:2.7.1] AndroidManifest.xml:104:13-37
176            <intent-filter>
176-->[androidx.work:work-runtime:2.7.1] AndroidManifest.xml:106:13-108:29
177                <action android:name="android.net.conn.CONNECTIVITY_CHANGE" />
177-->[androidx.work:work-runtime:2.7.1] AndroidManifest.xml:107:17-79
177-->[androidx.work:work-runtime:2.7.1] AndroidManifest.xml:107:25-76
178            </intent-filter>
179        </receiver>
180        <receiver
180-->[androidx.work:work-runtime:2.7.1] AndroidManifest.xml:110:9-121:20
181            android:name="androidx.work.impl.background.systemalarm.RescheduleReceiver"
181-->[androidx.work:work-runtime:2.7.1] AndroidManifest.xml:111:13-88
182            android:directBootAware="false"
182-->[androidx.work:work-runtime:2.7.1] AndroidManifest.xml:112:13-44
183            android:enabled="false"
183-->[androidx.work:work-runtime:2.7.1] AndroidManifest.xml:113:13-36
184            android:exported="false" >
184-->[androidx.work:work-runtime:2.7.1] AndroidManifest.xml:114:13-37
185            <intent-filter>
185-->[androidx.work:work-runtime:2.7.1] AndroidManifest.xml:116:13-120:29
186                <action android:name="android.intent.action.BOOT_COMPLETED" />
186-->[androidx.work:work-runtime:2.7.1] AndroidManifest.xml:117:17-79
186-->[androidx.work:work-runtime:2.7.1] AndroidManifest.xml:117:25-76
187                <action android:name="android.intent.action.TIME_SET" />
187-->[androidx.work:work-runtime:2.7.1] AndroidManifest.xml:118:17-73
187-->[androidx.work:work-runtime:2.7.1] AndroidManifest.xml:118:25-70
188                <action android:name="android.intent.action.TIMEZONE_CHANGED" />
188-->[androidx.work:work-runtime:2.7.1] AndroidManifest.xml:119:17-81
188-->[androidx.work:work-runtime:2.7.1] AndroidManifest.xml:119:25-78
189            </intent-filter>
190        </receiver>
191        <receiver
191-->[androidx.work:work-runtime:2.7.1] AndroidManifest.xml:122:9-131:20
192            android:name="androidx.work.impl.background.systemalarm.ConstraintProxyUpdateReceiver"
192-->[androidx.work:work-runtime:2.7.1] AndroidManifest.xml:123:13-99
193            android:directBootAware="false"
193-->[androidx.work:work-runtime:2.7.1] AndroidManifest.xml:124:13-44
194            android:enabled="@bool/enable_system_alarm_service_default"
194-->[androidx.work:work-runtime:2.7.1] AndroidManifest.xml:125:13-72
195            android:exported="false" >
195-->[androidx.work:work-runtime:2.7.1] AndroidManifest.xml:126:13-37
196            <intent-filter>
196-->[androidx.work:work-runtime:2.7.1] AndroidManifest.xml:128:13-130:29
197                <action android:name="androidx.work.impl.background.systemalarm.UpdateProxies" />
197-->[androidx.work:work-runtime:2.7.1] AndroidManifest.xml:129:17-98
197-->[androidx.work:work-runtime:2.7.1] AndroidManifest.xml:129:25-95
198            </intent-filter>
199        </receiver>
200        <receiver
200-->[androidx.work:work-runtime:2.7.1] AndroidManifest.xml:132:9-142:20
201            android:name="androidx.work.impl.diagnostics.DiagnosticsReceiver"
201-->[androidx.work:work-runtime:2.7.1] AndroidManifest.xml:133:13-78
202            android:directBootAware="false"
202-->[androidx.work:work-runtime:2.7.1] AndroidManifest.xml:134:13-44
203            android:enabled="true"
203-->[androidx.work:work-runtime:2.7.1] AndroidManifest.xml:135:13-35
204            android:exported="true"
204-->[androidx.work:work-runtime:2.7.1] AndroidManifest.xml:136:13-36
205            android:permission="android.permission.DUMP" >
205-->[androidx.work:work-runtime:2.7.1] AndroidManifest.xml:137:13-57
206            <intent-filter>
206-->[androidx.work:work-runtime:2.7.1] AndroidManifest.xml:139:13-141:29
207                <action android:name="androidx.work.diagnostics.REQUEST_DIAGNOSTICS" />
207-->[androidx.work:work-runtime:2.7.1] AndroidManifest.xml:140:17-88
207-->[androidx.work:work-runtime:2.7.1] AndroidManifest.xml:140:25-85
208            </intent-filter>
209        </receiver>
210
211        <service
211-->[androidx.room:room-runtime:2.4.0] AndroidManifest.xml:25:9-28:40
212            android:name="androidx.room.MultiInstanceInvalidationService"
212-->[androidx.room:room-runtime:2.4.0] AndroidManifest.xml:26:13-74
213            android:directBootAware="true"
213-->[androidx.room:room-runtime:2.4.0] AndroidManifest.xml:27:13-43
214            android:exported="false" />
214-->[androidx.room:room-runtime:2.4.0] AndroidManifest.xml:28:13-37
215
216        <receiver
216-->[androidx.profileinstaller:profileinstaller:1.1.0-beta01] AndroidManifest.xml:36:9-45:20
217            android:name="androidx.profileinstaller.ProfileInstallReceiver"
217-->[androidx.profileinstaller:profileinstaller:1.1.0-beta01] AndroidManifest.xml:37:13-76
218            android:directBootAware="false"
218-->[androidx.profileinstaller:profileinstaller:1.1.0-beta01] AndroidManifest.xml:38:13-44
219            android:enabled="true"
219-->[androidx.profileinstaller:profileinstaller:1.1.0-beta01] AndroidManifest.xml:39:13-35
220            android:exported="true"
220-->[androidx.profileinstaller:profileinstaller:1.1.0-beta01] AndroidManifest.xml:40:13-36
221            android:permission="android.permission.DUMP" >
221-->[androidx.profileinstaller:profileinstaller:1.1.0-beta01] AndroidManifest.xml:41:13-57
222            <intent-filter>
222-->[androidx.profileinstaller:profileinstaller:1.1.0-beta01] AndroidManifest.xml:42:13-44:29
223                <action android:name="androidx.profileinstaller.action.INSTALL_PROFILE" />
223-->[androidx.profileinstaller:profileinstaller:1.1.0-beta01] AndroidManifest.xml:43:17-91
223-->[androidx.profileinstaller:profileinstaller:1.1.0-beta01] AndroidManifest.xml:43:25-88
224            </intent-filter>
225        </receiver>
226    </application>
227
228</manifest>